
> turntable-api@0.1.0 start
> node dist/main.js

[32m[Nest] 2556  - [39m2025/09/07 23:13:20 [32m    LOG[39m [38;5;3m[NestFactory] [39m[32mStarting Nest application...[39m
[32m[Nest] 2556  - [39m2025/09/07 23:13:20 [32m    LOG[39m [38;5;3m[InstanceLoader] [39m[32mAppModule dependencies initialized[39m[38;5;3m +32ms[39m
[32m[Nest] 2556  - [39m2025/09/07 23:13:20 [32m    LOG[39m [38;5;3m[InstanceLoader] [39m[32mPrismaModule dependencies initialized[39m[38;5;3m +5ms[39m
[32m[Nest] 2556  - [39m2025/09/07 23:13:20 [32m    LOG[39m [38;5;3m[InstanceLoader] [39m[32mPassportModule dependencies initialized[39m[38;5;3m +0ms[39m
[32m[Nest] 2556  - [39m2025/09/07 23:13:20 [32m    LOG[39m [38;5;3m[InstanceLoader] [39m[32mJwtModule dependencies initialized[39m[38;5;3m +3ms[39m
[32m[Nest] 2556  - [39m2025/09/07 23:13:20 [32m    LOG[39m [38;5;3m[InstanceLoader] [39m[32mUsersModule dependencies initialized[39m[38;5;3m +3ms[39m
[32m[Nest] 2556  - [39m2025/09/07 23:13:20 [32m    LOG[39m [38;5;3m[InstanceLoader] [39m[32mWheelModule dependencies initialized[39m[38;5;3m +1ms[39m
[32m[Nest] 2556  - [39m2025/09/07 23:13:20 [32m    LOG[39m [38;5;3m[InstanceLoader] [39m[32mAuthModule dependencies initialized[39m[38;5;3m +0ms[39m
[32m[Nest] 2556  - [39m2025/09/07 23:13:20 [32m    LOG[39m [38;5;3m[RoutesResolver] [39m[32mAuthController {/api/v1/auth}:[39m[38;5;3m +12ms[39m
[32m[Nest] 2556  - [39m2025/09/07 23:13:20 [32m    LOG[39m [38;5;3m[RouterExplorer] [39m[32mMapped {/api/v1/auth/register, POST} route[39m[38;5;3m +13ms[39m
[32m[Nest] 2556  - [39m2025/09/07 23:13:20 [32m    LOG[39m [38;5;3m[RouterExplorer] [39m[32mMapped {/api/v1/auth/login, POST} route[39m[38;5;3m +1ms[39m
[32m[Nest] 2556  - [39m2025/09/07 23:13:20 [32m    LOG[39m [38;5;3m[RouterExplorer] [39m[32mMapped {/api/v1/auth/refresh, POST} route[39m[38;5;3m +0ms[39m
[32m[Nest] 2556  - [39m2025/09/07 23:13:20 [32m    LOG[39m [38;5;3m[RouterExplorer] [39m[32mMapped {/api/v1/auth/logout, POST} route[39m[38;5;3m +4ms[39m
[32m[Nest] 2556  - [39m2025/09/07 23:13:20 [32m    LOG[39m [38;5;3m[RoutesResolver] [39m[32mUsersController {/api/v1/me}:[39m[38;5;3m +0ms[39m
[32m[Nest] 2556  - [39m2025/09/07 23:13:20 [32m    LOG[39m [38;5;3m[RouterExplorer] [39m[32mMapped {/api/v1/me, GET} route[39m[38;5;3m +1ms[39m
[32m[Nest] 2556  - [39m2025/09/07 23:13:20 [32m    LOG[39m [38;5;3m[RouterExplorer] [39m[32mMapped {/api/v1/me, PATCH} route[39m[38;5;3m +1ms[39m
[32m[Nest] 2556  - [39m2025/09/07 23:13:20 [32m    LOG[39m [38;5;3m[RoutesResolver] [39m[32mWheelController {/api/v1/wheel-sets}:[39m[38;5;3m +0ms[39m
[32m[Nest] 2556  - [39m2025/09/07 23:13:20 [32m    LOG[39m [38;5;3m[RouterExplorer] [39m[32mMapped {/api/v1/wheel-sets, GET} route[39m[38;5;3m +1ms[39m
[32m[Nest] 2556  - [39m2025/09/07 23:13:20 [32m    LOG[39m [38;5;3m[RouterExplorer] [39m[32mMapped {/api/v1/wheel-sets, POST} route[39m[38;5;3m +0ms[39m
[32m[Nest] 2556  - [39m2025/09/07 23:13:20 [32m    LOG[39m [38;5;3m[RouterExplorer] [39m[32mMapped {/api/v1/wheel-sets/:id, GET} route[39m[38;5;3m +1ms[39m
[32m[Nest] 2556  - [39m2025/09/07 23:13:20 [32m    LOG[39m [38;5;3m[RouterExplorer] [39m[32mMapped {/api/v1/wheel-sets/:id, PATCH} route[39m[38;5;3m +1ms[39m
[32m[Nest] 2556  - [39m2025/09/07 23:13:20 [32m    LOG[39m [38;5;3m[RouterExplorer] [39m[32mMapped {/api/v1/wheel-sets/:id, DELETE} route[39m[38;5;3m +0ms[39m
[32m[Nest] 2556  - [39m2025/09/07 23:13:20 [32m    LOG[39m [38;5;3m[RouterExplorer] [39m[32mMapped {/api/v1/wheel-sets/:id/items, POST} route[39m[38;5;3m +3ms[39m
[32m[Nest] 2556  - [39m2025/09/07 23:13:20 [32m    LOG[39m [38;5;3m[RouterExplorer] [39m[32mMapped {/api/v1/wheel-sets/:id/items/:itemId, PATCH} route[39m[38;5;3m +1ms[39m
[32m[Nest] 2556  - [39m2025/09/07 23:13:20 [32m    LOG[39m [38;5;3m[RouterExplorer] [39m[32mMapped {/api/v1/wheel-sets/:id/items/:itemId, DELETE} route[39m[38;5;3m +0ms[39m
[32m[Nest] 2556  - [39m2025/09/07 23:13:20 [32m    LOG[39m [38;5;3m[RouterExplorer] [39m[32mMapped {/api/v1/wheel-sets/:id/items:reorder, POST} route[39m[38;5;3m +1ms[39m
[32m[Nest] 2556  - [39m2025/09/07 23:13:20 [32m    LOG[39m [38;5;3m[RouterExplorer] [39m[32mMapped {/api/v1/wheel-sets/:id/batch, PUT} route[39m[38;5;3m +0ms[39m
[32m[Nest] 2556  - [39m2025/09/07 23:13:20 [32m    LOG[39m [38;5;3m[RoutesResolver] [39m[32mWheelImportController {/api/v1/wheel-sets}:[39m[38;5;3m +0ms[39m
[32m[Nest] 2556  - [39m2025/09/07 23:13:20 [32m    LOG[39m [38;5;3m[RouterExplorer] [39m[32mMapped {/api/v1/wheel-sets/import, POST} route[39m[38;5;3m +0ms[39m
[32m[Nest] 2556  - [39m2025/09/07 23:13:20 [32m    LOG[39m [38;5;3m[NestApplication] [39m[32mNest application successfully started[39m[38;5;3m +5ms[39m
[31m[Nest] 2556  - [39m2025/09/07 23:13:20 [31m  ERROR[39m [38;5;3m[NestApplication] [39m[31mError: listen EADDRINUSE: address already in use :::3001[39m[38;5;3m +2ms[39m
node:net:1898
    const ex = new UVExceptionWithHostPort(err, 'listen', address, port);
               ^

Error: listen EADDRINUSE: address already in use :::3001
    at Server.setupListenHandle [as _listen2] (node:net:1898:16)
    at listenInCluster (node:net:1946:12)
    at Server.listen (node:net:2044:7)
    at ExpressAdapter.listen (D:\ai\order-takeout-turntable\apps\api\node_modules\@nestjs\platform-express\adapters\express-adapter.js:95:32)
    at D:\ai\order-takeout-turntable\apps\api\node_modules\@nestjs\core\nest-application.js:183:30
    at new Promise (<anonymous>)
    at NestApplication.listen (D:\ai\order-takeout-turntable\apps\api\node_modules\@nestjs\core\nest-application.js:173:16)
    at async bootstrap (D:\ai\order-takeout-turntable\apps\api\dist\main.js:71:5) {
  code: 'EADDRINUSE',
  errno: -4091,
  syscall: 'listen',
  address: '::',
  port: 3001
}

Node.js v20.14.0
